<?xml version="1.0" encoding="UTF-8"?>
<testsuite name="lab.testing.SeasonTest" tests="8" skipped="0" failures="0" errors="0" timestamp="2017-10-28T17:05:07" hostname="Anvym6" time="0.009">
  <properties/>
  <testcase name="setSeasonDescription" classname="lab.testing.SeasonTest" time="0.001"/>
  <testcase name="setSeasonId" classname="lab.testing.SeasonTest" time="0.001"/>
  <testcase name="getSeasonId" classname="lab.testing.SeasonTest" time="0.001"/>
  <testcase name="getSeasonDescription" classname="lab.testing.SeasonTest" time="0.0"/>
  <testcase name="setEpisodeNumber" classname="lab.testing.SeasonTest" time="0.0"/>
  <testcase name="getEpisodeNumber" classname="lab.testing.SeasonTest" time="0.003"/>
  <testcase name="setEpisodes" classname="lab.testing.SeasonTest" time="0.001"/>
  <testcase name="getEpisodes" classname="lab.testing.SeasonTest" time="0.0"/>
  <system-out><![CDATA[]]></system-out>
  <system-err><![CDATA[]]></system-err>
</testsuite>
